Using pre-set license
Built from '2020.3/release' branch; Version is '2020.3.31f1 (6b54b7616050) revision 7034039'; Using compiler version '192528614'; Build Type 'Release'
OS: 'Windows 10  (10.0.19043) 64bit Education' Language: 'ko' Physical Memory: 7600 MB
BatchMode: 1, IsHumanControllingUs: 0, StartBugReporterOnCrash: 0, Is64bit: 1, IsPro: 0

COMMAND LINE ARGUMENTS:
C:\Program Files\Unity\Hub\Editor\2020.3.31f1\Editor\Unity.exe
-adb2
-batchMode
-noUpm
-name
AssetImportWorker0
-projectPath
C:/Users/Feynman/Documents/GitHub/FPS/Valolant
-logFile
Logs/AssetImportWorker0.log
-srvPort
62482
Successfully changed project path to: C:/Users/Feynman/Documents/GitHub/FPS/Valolant
C:/Users/Feynman/Documents/GitHub/FPS/Valolant
Using Asset Import Pipeline V2.
Refreshing native plugins compatible for Editor in 65.05 ms, found 2 plugins.
Preloading 0 native plugins for Editor in 0.00 ms.
Initialize engine version: 2020.3.31f1 (6b54b7616050)
[Subsystems] Discovering subsystems at path C:/Program Files/Unity/Hub/Editor/2020.3.31f1/Editor/Data/Resources/UnitySubsystems
[Subsystems] Discovering subsystems at path C:/Users/Feynman/Documents/GitHub/FPS/Valolant/Assets
GfxDevice: creating device client; threaded=0
Direct3D:
    Version:  Direct3D 11.0 [level 11.1]
    Renderer: NVIDIA GeForce MX350 (ID=0x1c96)
    Vendor:   
    VRAM:     1979 MB
    Driver:   27.21.14.6259
Shader 'WFX/Transparent Specular': fallback shader 'Particles/Alpha Blended' not found
Shader 'WFX/Transparent Diffuse': fallback shader 'Particles/Alpha Blended' not found
Initialize mono
Mono path[0] = 'C:/Program Files/Unity/Hub/Editor/2020.3.31f1/Editor/Data/Managed'
Mono path[1] = 'C:/Program Files/Unity/Hub/Editor/2020.3.31f1/Editor/Data/MonoBleedingEdge/lib/mono/unityjit'
Mono config path = 'C:/Program Files/Unity/Hub/Editor/2020.3.31f1/Editor/Data/MonoBleedingEdge/etc'
Using monoOptions --debugger-agent=transport=dt_socket,embedding=1,server=y,suspend=n,address=127.0.0.1:56044
Begin MonoManager ReloadAssembly
Registering precompiled unity dll's ...
Register platform support module: C:/Program Files/Unity/Hub/Editor/2020.3.31f1/Editor/Data/PlaybackEngines/WindowsStandaloneSupport/UnityEditor.WindowsStandalone.Extensions.dll
Registered in 0.008646 seconds.
Native extension for WindowsStandalone target not found
Refreshing native plugins compatible for Editor in 50.90 ms, found 2 plugins.
Preloading 0 native plugins for Editor in 0.00 ms.
Mono: successfully reloaded assembly
- Completed reload, in  0.943 seconds
Domain Reload Profiling:
	ReloadAssembly (944ms)
		BeginReloadAssembly (196ms)
			ExecutionOrderSort (0ms)
			DisableScriptedObjects (0ms)
			BackupInstance (0ms)
			ReleaseScriptingObjects (0ms)
			CreateAndSetChildDomain (1ms)
		EndReloadAssembly (623ms)
			LoadAssemblies (189ms)
			RebuildTransferFunctionScriptingTraits (0ms)
			SetupTypeCache (177ms)
			ReleaseScriptCaches (0ms)
			RebuildScriptCaches (39ms)
			SetupLoadedEditorAssemblies (218ms)
				LogAssemblyErrors (0ms)
				InitializePlatformSupportModulesInManaged (6ms)
				SetLoadedEditorAssemblies (0ms)
				RefreshPlugins (51ms)
				BeforeProcessingInitializeOnLoad (17ms)
				ProcessInitializeOnLoadAttributes (104ms)
				ProcessInitializeOnLoadMethodAttributes (39ms)
				AfterProcessingInitializeOnLoad (0ms)
				EditorAssembliesLoaded (0ms)
			ExecutionOrderSort2 (0ms)
			AwakeInstancesAfterBackupRestoration (0ms)
Platform modules already initialized, skipping
Registering precompiled user dll's ...
Registered in 0.017304 seconds.
Begin MonoManager ReloadAssembly
Native extension for WindowsStandalone target not found
Refreshing native plugins compatible for Editor in 0.53 ms, found 2 plugins.
Preloading 0 native plugins for Editor in 0.00 ms.
Mono: successfully reloaded assembly
- Completed reload, in  1.577 seconds
Domain Reload Profiling:
	ReloadAssembly (1579ms)
		BeginReloadAssembly (278ms)
			ExecutionOrderSort (0ms)
			DisableScriptedObjects (6ms)
			BackupInstance (0ms)
			ReleaseScriptingObjects (0ms)
			CreateAndSetChildDomain (28ms)
		EndReloadAssembly (1193ms)
			LoadAssemblies (237ms)
			RebuildTransferFunctionScriptingTraits (0ms)
			SetupTypeCache (395ms)
			ReleaseScriptCaches (1ms)
			RebuildScriptCaches (59ms)
			SetupLoadedEditorAssemblies (444ms)
				LogAssemblyErrors (0ms)
				InitializePlatformSupportModulesInManaged (8ms)
				SetLoadedEditorAssemblies (1ms)
				RefreshPlugins (1ms)
				BeforeProcessingInitializeOnLoad (151ms)
				ProcessInitializeOnLoadAttributes (243ms)
				ProcessInitializeOnLoadMethodAttributes (16ms)
				AfterProcessingInitializeOnLoad (25ms)
				EditorAssembliesLoaded (0ms)
			ExecutionOrderSort2 (0ms)
			AwakeInstancesAfterBackupRestoration (7ms)
Platform modules already initialized, skipping
========================================================================
Worker process is ready to serve import requests
Shader 'WFX/Transparent Specular': fallback shader 'Particles/Alpha Blended' not found
Shader 'WFX/Transparent Diffuse': fallback shader 'Particles/Alpha Blended' not found
Launched and connected shader compiler UnityShaderCompiler.exe after 0.22 seconds
Refreshing native plugins compatible for Editor in 0.52 ms, found 2 plugins.
Preloading 0 native plugins for Editor in 0.00 ms.
Unloading 1583 Unused Serialized files (Serialized files now loaded: 0)
System memory in use before: 77.9 MB.
System memory in use after: 78.0 MB.

Unloading 16 unused Assets to reduce memory usage. Loaded Objects now: 2028.
Total: 4.391800 ms (FindLiveObjects: 0.216200 ms CreateObjectMapping: 0.067700 ms MarkObjects: 3.981400 ms  DeleteObjects: 0.125000 ms)

AssetImportParameters requested are different than current active one (requested -> active):
  custom:framework-win-MediaFoundation: 216162199b28c13a410421893ffa2e32 -> 
  custom:video-decoder-ogg-theora: a1e56fd34408186e4bbccfd4996cb3dc -> 
  custom:container-muxer-webm: aa71ff27fc2769a1b78a27578f13a17b -> 
  custom:container-demuxer-webm: 4f35f7cbe854078d1ac9338744f61a02 -> 
  custom:container-demuxer-ogg: 62fdf1f143b41e24485cea50d1cbac27 -> 
  custom:video-encoder-webm-vp8: eb34c28f22e8b96e1ab97ce403110664 -> 
  custom:video-decoder-webm-vp8: 9c59270c3fd7afecdb556c50c9e8de78 -> 
  custom:audio-decoder-ogg-vorbis: bf7c407c2cedff20999df2af8eb42d56 -> 
  custom:audio-encoder-webm-vorbis: bf7c407c2cedff20999df2af8eb42d56 -> 
========================================================================
Received Import Request.
  path: Assets/script
  artifactKey: Guid(8ef0ea4c32cfb6b498988301555bd425) Importer(815301076,1909f56bfc062723c751e8b465ee728b)
Start importing Assets/script using Guid(8ef0ea4c32cfb6b498988301555bd425) Importer(815301076,1909f56bfc062723c751e8b465ee728b)  -> (artifact id: 'da1085b968ded0ad066e79c514f91d98') in 0.015894 seconds 
========================================================================
Received Import Request.
  Time since last request: 0.178211 seconds.
  path: Assets/script/Grenade.cs
  artifactKey: Guid(b214f9f075764804ea213898e6b472d6) Importer(815301076,1909f56bfc062723c751e8b465ee728b)
Start importing Assets/script/Grenade.cs using Guid(b214f9f075764804ea213898e6b472d6) Importer(815301076,1909f56bfc062723c751e8b465ee728b)  -> (artifact id: '317113a51aa0eb1a8958ae8d8d326c54') in 0.093097 seconds 
========================================================================
Received Import Request.
  Time since last request: 126.030602 seconds.
  path: Assets/script/HPAddPotion.cs
  artifactKey: Guid(cf27d9ba145d0074ba27339c96eea0b9) Importer(815301076,1909f56bfc062723c751e8b465ee728b)
Start importing Assets/script/HPAddPotion.cs using Guid(cf27d9ba145d0074ba27339c96eea0b9) Importer(815301076,1909f56bfc062723c751e8b465ee728b)  -> (artifact id: '388d4a8442e42143552c6f910872106a') in 0.015842 seconds 
========================================================================
Received Import Request.
  Time since last request: 1.031056 seconds.
  path: Assets/script/HitManager.cs
  artifactKey: Guid(8e438f2b0e037f7409bdca982491c5c1) Importer(815301076,1909f56bfc062723c751e8b465ee728b)
Start importing Assets/script/HitManager.cs using Guid(8e438f2b0e037f7409bdca982491c5c1) Importer(815301076,1909f56bfc062723c751e8b465ee728b)  -> (artifact id: '0fe0b19737f2062e63702099de3359be') in 0.012577 seconds 
========================================================================
Received Import Request.
  Time since last request: 2.681262 seconds.
  path: Assets/script/CameraRotate.cs
  artifactKey: Guid(05d0856feffae4946bd0ae2340c11b94) Importer(815301076,1909f56bfc062723c751e8b465ee728b)
Start importing Assets/script/CameraRotate.cs using Guid(05d0856feffae4946bd0ae2340c11b94) Importer(815301076,1909f56bfc062723c751e8b465ee728b)  -> (artifact id: 'c54fa30e6f5e14cf4720c7e672e31dc6') in 0.012465 seconds 
========================================================================
Received Import Request.
  Time since last request: 1.718131 seconds.
  path: Assets/script/Enemy.cs
  artifactKey: Guid(0fb2b46358f450f46bde0f67e11a1848) Importer(815301076,1909f56bfc062723c751e8b465ee728b)
Start importing Assets/script/Enemy.cs using Guid(0fb2b46358f450f46bde0f67e11a1848) Importer(815301076,1909f56bfc062723c751e8b465ee728b)  -> (artifact id: 'c97bccfeaa8fe90077cb55cba90583b4') in 0.011641 seconds 
========================================================================
Received Import Request.
  Time since last request: 0.391868 seconds.
  path: Assets/script/EnemyAnimEvent.cs
  artifactKey: Guid(a7341ed8d8cb0864db452a926de3831c) Importer(815301076,1909f56bfc062723c751e8b465ee728b)
Start importing Assets/script/EnemyAnimEvent.cs using Guid(a7341ed8d8cb0864db452a926de3831c) Importer(815301076,1909f56bfc062723c751e8b465ee728b)  -> (artifact id: '839ea8c235c444f3ed1686f36ba5d6ff') in 0.012686 seconds 
========================================================================
Received Import Request.
  Time since last request: 0.523384 seconds.
  path: Assets/script/EnemyHP.cs
  artifactKey: Guid(0deca3b0bd84ab943941ce427cadfaca) Importer(815301076,1909f56bfc062723c751e8b465ee728b)
Start importing Assets/script/EnemyHP.cs using Guid(0deca3b0bd84ab943941ce427cadfaca) Importer(815301076,1909f56bfc062723c751e8b465ee728b)  -> (artifact id: '3dbaff180829af2aa0dc9ba4ea469275') in 0.011879 seconds 
========================================================================
Received Import Request.
  Time since last request: 0.450027 seconds.
  path: Assets/script/EnemyManagerStep1.cs
  artifactKey: Guid(d9e09feb8b69948449adc53a6e83c91c) Importer(815301076,1909f56bfc062723c751e8b465ee728b)
Start importing Assets/script/EnemyManagerStep1.cs using Guid(d9e09feb8b69948449adc53a6e83c91c) Importer(815301076,1909f56bfc062723c751e8b465ee728b)  -> (artifact id: '25acdad364e52f271038456fe3b91bbc') in 0.012520 seconds 
========================================================================
Received Import Request.
  Time since last request: 0.805797 seconds.
  path: Assets/script/Gun.cs
  artifactKey: Guid(bf1ef09158bc8b841bd48711be619a32) Importer(815301076,1909f56bfc062723c751e8b465ee728b)
Start importing Assets/script/Gun.cs using Guid(bf1ef09158bc8b841bd48711be619a32) Importer(815301076,1909f56bfc062723c751e8b465ee728b)  -> (artifact id: '9739ed760ce2fd22239806ac5f6684c8') in 0.017218 seconds 
========================================================================
Received Import Request.
  Time since last request: 0.977050 seconds.
  path: Assets/script/LevelManager.cs
  artifactKey: Guid(1aea6b154d6695b45a0f1f86dec95076) Importer(815301076,1909f56bfc062723c751e8b465ee728b)
Start importing Assets/script/LevelManager.cs using Guid(1aea6b154d6695b45a0f1f86dec95076) Importer(815301076,1909f56bfc062723c751e8b465ee728b)  -> (artifact id: 'bb9b05789fbad24f0cbe7c29b2c8fac8') in 0.010008 seconds 
========================================================================
Received Import Request.
  Time since last request: 0.881194 seconds.
  path: Assets/script/PlayerMove.cs
  artifactKey: Guid(42571173c6da632408dd57021ac0d43c) Importer(815301076,1909f56bfc062723c751e8b465ee728b)
Start importing Assets/script/PlayerMove.cs using Guid(42571173c6da632408dd57021ac0d43c) Importer(815301076,1909f56bfc062723c751e8b465ee728b)  -> (artifact id: 'a1e862ff99dfb2e4c123a0f672e5c183') in 0.009818 seconds 
========================================================================
Received Import Request.
  Time since last request: 0.826749 seconds.
  path: Assets/script/PlayerThrow.cs
  artifactKey: Guid(77c5b2302b0d3174bac194215dad6299) Importer(815301076,1909f56bfc062723c751e8b465ee728b)
Start importing Assets/script/PlayerThrow.cs using Guid(77c5b2302b0d3174bac194215dad6299) Importer(815301076,1909f56bfc062723c751e8b465ee728b)  -> (artifact id: '6fc825e905dbfe3c81935b604e2fed9d') in 0.024911 seconds 
========================================================================
Received Import Request.
  Time since last request: 1.049942 seconds.
  path: Assets/script/SpawnManager.cs
  artifactKey: Guid(31613c3efd5ff2c48963ad639f8954cb) Importer(815301076,1909f56bfc062723c751e8b465ee728b)
Start importing Assets/script/SpawnManager.cs using Guid(31613c3efd5ff2c48963ad639f8954cb) Importer(815301076,1909f56bfc062723c751e8b465ee728b)  -> (artifact id: '469356871cd04604fe82d0b92a058a04') in 0.019453 seconds 
========================================================================
Received Import Request.
  Time since last request: 7.955192 seconds.
  path: Assets/script/PlayerHP.cs
  artifactKey: Guid(4f274be4071c08f47abe333e5895c3a5) Importer(815301076,1909f56bfc062723c751e8b465ee728b)
Start importing Assets/script/PlayerHP.cs using Guid(4f274be4071c08f47abe333e5895c3a5) Importer(815301076,1909f56bfc062723c751e8b465ee728b)  -> (artifact id: '21ac55167ac3483cfd66d9900f7dc68c') in 0.011349 seconds 
========================================================================
Received Import Request.
  Time since last request: 34.794415 seconds.
  path: Assets/script/HPPotion.cs
  artifactKey: Guid(3dfd1076dee1d09429ccb7aa06391e36) Importer(815301076,1909f56bfc062723c751e8b465ee728b)
Start importing Assets/script/HPPotion.cs using Guid(3dfd1076dee1d09429ccb7aa06391e36) Importer(815301076,1909f56bfc062723c751e8b465ee728b)  -> (artifact id: '2e505a9106bf13d88fbc135849a9cd77') in 0.009748 seconds 
AssetImportWorkerClient::OnTransportError - code=2 error=End of file
